<?xml version="1.0" encoding="UTF-8"?>
<!-- Generated by org.testng.reporters.JUnitReportReporter -->
<testsuite skipped="0" hostname="ASC1514-bl-pc" name="com.chrisMensing.seleniumFramework.SignInGmail" tests="1" failures="0" timestamp="26 Aug 2019 15:15:46 GMT" time="15.691" errors="0">
  <testcase name="SignInToGmail" time="15.691" classname="com.chrisMensing.seleniumFramework.SignInGmail"/>
</testsuite> <!-- com.chrisMensing.seleniumFramework.SignInGmail -->
