<?xml version="1.0" encoding="UTF-8"?>
<!-- Generated by org.testng.reporters.JUnitReportReporter -->
<testsuite skipped="0" hostname="ASC1514-bl-pc" name="com.chrisMensing.seleniumFramework.TestSearch" tests="1" failures="0" timestamp="26 Aug 2019 21:00:12 GMT" time="6.255" errors="0">
  <testcase name="SearchAscendum" time="6.255" classname="com.chrisMensing.seleniumFramework.TestSearch"/>
</testsuite> <!-- com.chrisMensing.seleniumFramework.TestSearch -->
