<?xml version="1.0" encoding="UTF-8"?>
<!-- Generated by org.testng.reporters.JUnitReportReporter -->
<testsuite skipped="0" hostname="ASC1514-bl-pc" name="com.chrisMensing.seleniumFramework.SendEmail" tests="2" failures="0" timestamp="03 Sep 2019 02:42:43 GMT" time="61.534" errors="0">
  <testcase name="TestSendEmail" time="36.540" classname="com.chrisMensing.seleniumFramework.SendEmail"/>
  <testcase name="TestSendEmail" time="24.994" classname="com.chrisMensing.seleniumFramework.SendEmail"/>
</testsuite> <!-- com.chrisMensing.seleniumFramework.SendEmail -->
