<?xml version="1.0" encoding="UTF-8"?>
<!-- Generated by org.testng.reporters.JUnitReportReporter -->
<testsuite skipped="0" hostname="ASC1514-bl-pc" name="com.chrisMensing.seleniumFramework.Translate" tests="6" failures="0" timestamp="03 Sep 2019 01:55:02 GMT" time="87.886" errors="0">
  <testcase name="TestTranslate" time="14.968" classname="com.chrisMensing.seleniumFramework.Translate"/>
  <testcase name="TestTranslate" time="12.769" classname="com.chrisMensing.seleniumFramework.Translate"/>
  <testcase name="TestTranslate" time="15.163" classname="com.chrisMensing.seleniumFramework.Translate"/>
  <testcase name="TestTranslate" time="18.521" classname="com.chrisMensing.seleniumFramework.Translate"/>
  <testcase name="TestTranslate" time="12.116" classname="com.chrisMensing.seleniumFramework.Translate"/>
  <testcase name="TestTranslate" time="14.349" classname="com.chrisMensing.seleniumFramework.Translate"/>
</testsuite> <!-- com.chrisMensing.seleniumFramework.Translate -->
