<?xml version="1.0" encoding="UTF-8"?>
<!-- Generated by org.testng.reporters.JUnitReportReporter -->
<testsuite skipped="0" hostname="ASC-1667-PC" name="com.Amazon.test.homePageTest" tests="1" failures="0" timestamp="03 Sep 2019 14:00:03 GMT" time="20.819" errors="0">
  <testcase name="AutomateAmazonLogin" time="20.819" classname="com.Amazon.test.homePageTest"/>
</testsuite> <!-- com.Amazon.test.homePageTest -->
